<?xml version="1.0" encoding="UTF-8"?>
<!-- Generated by org.testng.reporters.JUnitXMLReporter -->
<testsuite ignored="0" hostname="7e4f46654b47" failures="0" tests="11" name="Command line test" time="0.361" errors="0" timestamp="07 Jan 2022 20:26:24 GMT">
  <testcase classname="com.yulrud.autotest.CalcTest" name="addTest" time="0.059"/>
  <testcase classname="com.yulrud.autotest.CalcTest" name="calculateVarTestDivide" time="0.001"/>
  <testcase classname="com.yulrud.autotest.CalcTest" name="calculateVarTestMod" time="0.001"/>
  <testcase classname="com.yulrud.autotest.CalcTest" name="calculateVarTestMultiply" time="0.03"/>
  <testcase classname="com.yulrud.autotest.CalcTest" name="calculateVarTestOtherSign" time="0.0"/>
  <testcase classname="com.yulrud.autotest.CalcTest" name="calculateVarTestSubstract" time="0.001"/>
  <testcase classname="com.yulrud.autotest.CalcTest" name="calculateVarTestSum" time="0.0"/>
  <testcase classname="com.yulrud.autotest.CalcTest" name="divideTest" time="0.007"/>
  <testcase classname="com.yulrud.autotest.CalcTest" name="modTest" time="0.014"/>
  <testcase classname="com.yulrud.autotest.CalcTest" name="multiplyTest" time="0.0"/>
  <testcase classname="com.yulrud.autotest.CalcTest" name="subtractTest" time="0.001"/>
</testsuite> <!-- Command line test -->
